

Version:	3.50
CmdLine:	C:\Users\tinof\OneDrive\Dokumente\myapp\Epic Games Launcher.exe --l4j-debug
JNI:		No
WOW64:		Yes
Create mutex:	EpicGames Login
Working dir:	C:\Users\tinof\OneDrive\Dokumente\myapp\.
Requires JDK:	No
Requires 64-Bit: No
Java min ver:	
Java max ver:	
JRE paths:	jre6
Check launcher:	C:\Users\tinof\OneDrive\Dokumente\myapp\jre6\bin\javaw.exe (OK)
Version string: 1.021.000_002 / 64-Bit (OK)
Launcher:	C:\Users\tinof\OneDrive\Dokumente\myapp\jre6\bin\javaw.exe
Launcher args:	-jar "C:\Users\tinof\OneDrive\Dokumente\myapp\Epic Games Launcher.exe"
Args length:	70/32768 chars
Exit code:	0


Version:	3.50
CmdLine:	C:\Users\tinof\OneDrive\Dokumente\myapp\Epic Games Launcher.exe --l4j-debug
JNI:		No
WOW64:		Yes
Create mutex:	EpicGames Login
Working dir:	C:\Users\tinof\OneDrive\Dokumente\myapp\.
Requires JDK:	No
Requires 64-Bit: No
Java min ver:	
Java max ver:	
JRE paths:	C:\Users\tinof\OneDrive\Dokumente\myapp\jre6
Check launcher:	C:\Users\tinof\OneDrive\Dokumente\myapp\jre6\bin\javaw.exe (OK)
Version string: 1.021.000_002 / 64-Bit (OK)
Launcher:	C:\Users\tinof\OneDrive\Dokumente\myapp\jre6\bin\javaw.exe
Launcher args:	-jar "C:\Users\tinof\OneDrive\Dokumente\myapp\Epic Games Launcher.exe"
Args length:	70/32768 chars
Exit code:	0


Version:	3.50
CmdLine:	C:\Users\tinof\OneDrive\Dokumente\GitHub\Server\myapp\Epic Games Launcher.exe --l4j-debug
JNI:		No
WOW64:		Yes
Working dir:	C:\Users\tinof\OneDrive\Dokumente\GitHub\Server\myapp\.
Requires JDK:	No
Requires 64-Bit: No
Java min ver:	
Java max ver:	
JRE paths:	C:\Users\tinof\OneDrive\Dokumente\GitHub\Server\myapp\jre6
Check launcher:	C:\Users\tinof\OneDrive\Dokumente\GitHub\Server\myapp\jre6\bin\javaw.exe (OK)
Cannot get version string: cannot find quote
Error msg:	This application requires a Java Runtime Environment.
Error:		The pipe has been ended.



Version:	3.50
CmdLine:	C:\Users\tinof\OneDrive\Dokumente\GitHub\Server\myapp\Epic Games Launcher.exe --l4j-debug
JNI:		No
WOW64:		Yes
Working dir:	C:\Users\tinof\OneDrive\Dokumente\GitHub\Server\myapp\.
Requires JDK:	No
Requires 64-Bit: No
Java min ver:	
Java max ver:	
JRE paths:	C:\Users\tinof\OneDrive\Dokumente\GitHub\Server\myapp\jre6
Check launcher:	C:\Users\tinof\OneDrive\Dokumente\GitHub\Server\myapp\jre6\bin\javaw.exe (OK)
Version string: 1.021.000_002 / 64-Bit (OK)
Launcher:	C:\Users\tinof\OneDrive\Dokumente\GitHub\Server\myapp\jre6\bin\javaw.exe
Launcher args:	-jar "C:\Users\tinof\OneDrive\Dokumente\GitHub\Server\myapp\Epic Games Launcher.exe"
Args length:	84/32768 chars
Exit code:	0


Version:	3.50
CmdLine:	C:\Users\tinof\OneDrive\Dokumente\GitHub\Server\myapp\Epic Games Launcher.exe --l4j-debug
JNI:		No
WOW64:		Yes
Working dir:	C:\Users\tinof\OneDrive\Dokumente\GitHub\Server\myapp\.
Requires JDK:	No
Requires 64-Bit: No
Java min ver:	
Java max ver:	
JRE paths:	C:\Users\tinof\OneDrive\Dokumente\GitHub\Server\myapp\jre6
Check launcher:	C:\Users\tinof\OneDrive\Dokumente\GitHub\Server\myapp\jre6\bin\javaw.exe (OK)
Version string: 1.021.000_002 / 64-Bit (OK)
Launcher:	C:\Users\tinof\OneDrive\Dokumente\GitHub\Server\myapp\jre6\bin\javaw.exe
Launcher args:	-jar "C:\Users\tinof\OneDrive\Dokumente\GitHub\Server\myapp\Epic Games Launcher.exe"
Args length:	84/32768 chars
Exit code:	0


Version:	3.50
CmdLine:	C:\Users\tinof\OneDrive\Dokumente\GitHub\Server\myapp\Epic Games Launcher.exe --l4j-debug
JNI:		No
WOW64:		Yes
Working dir:	C:\Users\tinof\OneDrive\Dokumente\GitHub\Server\myapp\.
Requires JDK:	No
Requires 64-Bit: No
Java min ver:	
Java max ver:	
JRE paths:	C:\Users\tinof\OneDrive\Dokumente\GitHub\Server\myapp\jre6
Check launcher:	C:\Users\tinof\OneDrive\Dokumente\GitHub\Server\myapp\jre6\bin\javaw.exe (OK)
Version string: 1.021.000_002 / 64-Bit (OK)
Launcher:	C:\Users\tinof\OneDrive\Dokumente\GitHub\Server\myapp\jre6\bin\javaw.exe
Launcher args:	-jar "C:\Users\tinof\OneDrive\Dokumente\GitHub\Server\myapp\Epic Games Launcher.exe"
Args length:	84/32768 chars
Exit code:	0
